This is pdfTeX, Version 3.14159265-2.6-1.40.20 (MiKTeX 2.9.7000 64-bit) (preloaded format=pdflatex 2019.12.11)  20 APR 2021 00:12
entering extended mode
**"./Minimal Surface and Its Application to $3$-manifolds II.tex"
("Minimal Surface and Its Application to $3$-manifolds II.tex"
LaTeX2e <2018-12-01>
(C:\Users\hansy\AppData\Roaming\MiKTeX\2.9\tex/latex/beamer\beamer.cls
Document Class: beamer 2019/09/29 v3.57 A class for typesetting presentations

(C:\Users\hansy\AppData\Roaming\MiKTeX\2.9\tex/latex/beamer\beamerbasemodes.sty
(C:\Users\hansy\AppData\Roaming\MiKTeX\2.9\tex/latex/etoolbox\etoolbox.sty
Package: etoolbox 2019/09/21 v2.5h e-TeX tools for LaTeX (JAW)
\etb@tempcnta=\count80
)
\beamer@tempbox=\box27
\beamer@tempcount=\count81
\c@beamerpauses=\count82

(C:\Users\hansy\AppData\Roaming\MiKTeX\2.9\tex/latex/beamer\beamerbasedecode.st
y
\beamer@slideinframe=\count83
\beamer@minimum=\count84
\beamer@decode@box=\box28
)
\beamer@commentbox=\box29
\beamer@modecount=\count85
) (C:\Users\hansy\AppData\Roaming\MiKTeX\2.9\tex/generic/iftex\ifpdf.sty
Package: ifpdf 2019/10/25 v3.4 ifpdf legacy package. Use iftex instead.

(C:\Users\hansy\AppData\Roaming\MiKTeX\2.9\tex/generic/iftex\iftex.sty
Package: iftex 2019/11/07 v1.0c TeX engine tests
))
\headdp=\dimen102
\footheight=\dimen103
\sidebarheight=\dimen104
\beamer@tempdim=\dimen105
\beamer@finalheight=\dimen106
\beamer@animht=\dimen107
\beamer@animdp=\dimen108
\beamer@animwd=\dimen109
\beamer@leftmargin=\dimen110
\beamer@rightmargin=\dimen111
\beamer@leftsidebar=\dimen112
\beamer@rightsidebar=\dimen113
\beamer@boxsize=\dimen114
\beamer@vboxoffset=\dimen115
\beamer@descdefault=\dimen116
\beamer@descriptionwidth=\dimen117
\beamer@lastskip=\skip41
\beamer@areabox=\box30
\beamer@animcurrent=\box31
\beamer@animshowbox=\box32
\beamer@sectionbox=\box33
\beamer@logobox=\box34
\beamer@linebox=\box35
\beamer@sectioncount=\count86
\beamer@subsubsectionmax=\count87
\beamer@subsectionmax=\count88
\beamer@sectionmax=\count89
\beamer@totalheads=\count90
\beamer@headcounter=\count91
\beamer@partstartpage=\count92
\beamer@sectionstartpage=\count93
\beamer@subsectionstartpage=\count94
\beamer@animationtempa=\count95
\beamer@animationtempb=\count96
\beamer@xpos=\count97
\beamer@ypos=\count98
\beamer@ypos@offset=\count99
\beamer@showpartnumber=\count100
\beamer@currentsubsection=\count101
\beamer@coveringdepth=\count102
\beamer@sectionadjust=\count103
\beamer@tocsectionnumber=\count104

(C:\Users\hansy\AppData\Roaming\MiKTeX\2.9\tex/latex/beamer\beamerbaseoptions.s
ty ("D:\Program Files\MiKTeX 2.9\tex/latex/graphics\keyval.sty"
Package: keyval 2014/10/28 v1.15 key=value parser (DPC)
\KV@toks@=\toks14
))
\beamer@paperwidth=\skip42
\beamer@paperheight=\skip43

("D:\Program Files\MiKTeX 2.9\tex/latex/geometry\geometry.sty"
Package: geometry 2018/04/16 v5.8 Page Geometry

(C:\Users\hansy\AppData\Roaming\MiKTeX\2.9\tex/generic/iftex\ifvtex.sty
Package: ifvtex 2019/10/25 v1.7 ifvtex legacy package. Use iftex instead.
)
(C:\Users\hansy\AppData\Roaming\MiKTeX\2.9\tex/generic/iftex\ifxetex.sty
Package: ifxetex 2019/10/25 v0.7 ifxetex legacy package. Use iftex instead.
)
\Gm@cnth=\count105
\Gm@cntv=\count106
\c@Gm@tempcnt=\count107
\Gm@bindingoffset=\dimen118
\Gm@wd@mp=\dimen119
\Gm@odd@mp=\dimen120
\Gm@even@mp=\dimen121
\Gm@layoutwidth=\dimen122
\Gm@layoutheight=\dimen123
\Gm@layouthoffset=\dimen124
\Gm@layoutvoffset=\dimen125
\Gm@dimlist=\toks15

("D:\Program Files\MiKTeX 2.9\tex/latex/geometry\geometry.cfg"))
("D:\Program Files\MiKTeX 2.9\tex/latex/base\size11.clo"
File: size11.clo 2018/09/03 v1.4i Standard LaTeX file (size option)
)
(C:\Users\hansy\AppData\Roaming\MiKTeX\2.9\tex/latex/pgf/basiclayer\pgfcore.sty
("D:\Program Files\MiKTeX 2.9\tex/latex/graphics\graphicx.sty"
Package: graphicx 2017/06/01 v1.1a Enhanced LaTeX Graphics (DPC,SPQR)

("D:\Program Files\MiKTeX 2.9\tex/latex/graphics\graphics.sty"
Package: graphics 2017/06/25 v1.2c Standard LaTeX Graphics (DPC,SPQR)

("D:\Program Files\MiKTeX 2.9\tex/latex/graphics\trig.sty"
Package: trig 2016/01/03 v1.10 sin cos tan (DPC)
)
("D:\Program Files\MiKTeX 2.9\tex/latex/graphics-cfg\graphics.cfg"
File: graphics.cfg 2016/06/04 v1.11 sample graphics configuration
)
Package graphics Info: Driver file: pdftex.def on input line 99.

("D:\Program Files\MiKTeX 2.9\tex/latex/graphics-def\pdftex.def"
File: pdftex.def 2018/01/08 v1.0l Graphics/color driver for pdftex
))
\Gin@req@height=\dimen126
\Gin@req@width=\dimen127
)
(C:\Users\hansy\AppData\Roaming\MiKTeX\2.9\tex/latex/pgf/systemlayer\pgfsys.sty
(C:\Users\hansy\AppData\Roaming\MiKTeX\2.9\tex/latex/pgf/utilities\pgfrcs.sty
(C:\Users\hansy\AppData\Roaming\MiKTeX\2.9\tex/generic/pgf/utilities\pgfutil-co
mmon.tex
\pgfutil@everybye=\toks16
\pgfutil@tempdima=\dimen128
\pgfutil@tempdimb=\dimen129

(C:\Users\hansy\AppData\Roaming\MiKTeX\2.9\tex/generic/pgf/utilities\pgfutil-co
mmon-lists.tex))
(C:\Users\hansy\AppData\Roaming\MiKTeX\2.9\tex/generic/pgf/utilities\pgfutil-la
tex.def
\pgfutil@abb=\box36
 (C:\Users\hansy\AppData\Roaming\MiKTeX\2.9\tex/latex/ms\everyshi.sty
Package: everyshi 2001/05/15 v3.00 EveryShipout Package (MS)
))
(C:\Users\hansy\AppData\Roaming\MiKTeX\2.9\tex/generic/pgf/utilities\pgfrcs.cod
e.tex
(C:\Users\hansy\AppData\Roaming\MiKTeX\2.9\tex/generic/pgf\pgf.revision.tex)
Package: pgfrcs 2019/08/03 v3.1.4b (3.1.4b)
))
(C:\Users\hansy\AppData\Roaming\MiKTeX\2.9\tex/generic/pgf/systemlayer\pgfsys.c
ode.tex
Package: pgfsys 2019/08/03 v3.1.4b (3.1.4b)

(C:\Users\hansy\AppData\Roaming\MiKTeX\2.9\tex/generic/pgf/utilities\pgfkeys.co
de.tex
\pgfkeys@pathtoks=\toks17
\pgfkeys@temptoks=\toks18

(C:\Users\hansy\AppData\Roaming\MiKTeX\2.9\tex/generic/pgf/utilities\pgfkeysfil
tered.code.tex
\pgfkeys@tmptoks=\toks19
))
\pgf@x=\dimen130
\pgf@y=\dimen131
\pgf@xa=\dimen132
\pgf@ya=\dimen133
\pgf@xb=\dimen134
\pgf@yb=\dimen135
\pgf@xc=\dimen136
\pgf@yc=\dimen137
\pgf@xd=\dimen138
\pgf@yd=\dimen139
\w@pgf@writea=\write3
\r@pgf@reada=\read1
\c@pgf@counta=\count108
\c@pgf@countb=\count109
\c@pgf@countc=\count110
\c@pgf@countd=\count111
\t@pgf@toka=\toks20
\t@pgf@tokb=\toks21
\t@pgf@tokc=\toks22
\pgf@sys@id@count=\count112

(C:\Users\hansy\AppData\Roaming\MiKTeX\2.9\tex/generic/pgf/systemlayer\pgf.cfg
File: pgf.cfg 2019/08/03 v3.1.4b (3.1.4b)
)
Driver file for pgf: pgfsys-pdftex.def

(C:\Users\hansy\AppData\Roaming\MiKTeX\2.9\tex/generic/pgf/systemlayer\pgfsys-p
dftex.def
File: pgfsys-pdftex.def 2019/08/03 v3.1.4b (3.1.4b)

(C:\Users\hansy\AppData\Roaming\MiKTeX\2.9\tex/generic/pgf/systemlayer\pgfsys-c
ommon-pdf.def
File: pgfsys-common-pdf.def 2019/08/03 v3.1.4b (3.1.4b)
)))
(C:\Users\hansy\AppData\Roaming\MiKTeX\2.9\tex/generic/pgf/systemlayer\pgfsysso
ftpath.code.tex
File: pgfsyssoftpath.code.tex 2019/08/03 v3.1.4b (3.1.4b)
\pgfsyssoftpath@smallbuffer@items=\count113
\pgfsyssoftpath@bigbuffer@items=\count114
)
(C:\Users\hansy\AppData\Roaming\MiKTeX\2.9\tex/generic/pgf/systemlayer\pgfsyspr
otocol.code.tex
File: pgfsysprotocol.code.tex 2019/08/03 v3.1.4b (3.1.4b)
))
(C:\Users\hansy\AppData\Roaming\MiKTeX\2.9\tex/latex/xcolor\xcolor.sty
Package: xcolor 2016/05/11 v2.12 LaTeX color extensions (UK)

("D:\Program Files\MiKTeX 2.9\tex/latex/graphics-cfg\color.cfg"
File: color.cfg 2016/01/02 v1.6 sample color configuration
)
Package xcolor Info: Driver file: pdftex.def on input line 225.
Package xcolor Info: Model `cmy' substituted by `cmy0' on input line 1348.
Package xcolor Info: Model `hsb' substituted by `rgb' on input line 1352.
Package xcolor Info: Model `RGB' extended on input line 1364.
Package xcolor Info: Model `HTML' substituted by `rgb' on input line 1366.
Package xcolor Info: Model `Hsb' substituted by `hsb' on input line 1367.
Package xcolor Info: Model `tHsb' substituted by `hsb' on input line 1368.
Package xcolor Info: Model `HSB' substituted by `hsb' on input line 1369.
Package xcolor Info: Model `Gray' substituted by `gray' on input line 1370.
Package xcolor Info: Model `wave' substituted by `hsb' on input line 1371.
)
(C:\Users\hansy\AppData\Roaming\MiKTeX\2.9\tex/generic/pgf/basiclayer\pgfcore.c
ode.tex
Package: pgfcore 2019/08/03 v3.1.4b (3.1.4b)

(C:\Users\hansy\AppData\Roaming\MiKTeX\2.9\tex/generic/pgf/math\pgfmath.code.te
x
(C:\Users\hansy\AppData\Roaming\MiKTeX\2.9\tex/generic/pgf/math\pgfmathcalc.cod
e.tex
(C:\Users\hansy\AppData\Roaming\MiKTeX\2.9\tex/generic/pgf/math\pgfmathutil.cod
e.tex)
(C:\Users\hansy\AppData\Roaming\MiKTeX\2.9\tex/generic/pgf/math\pgfmathparser.c
ode.tex
\pgfmath@dimen=\dimen140
\pgfmath@count=\count115
\pgfmath@box=\box37
\pgfmath@toks=\toks23
\pgfmath@stack@operand=\toks24
\pgfmath@stack@operation=\toks25
)
(C:\Users\hansy\AppData\Roaming\MiKTeX\2.9\tex/generic/pgf/math\pgfmathfunction
s.code.tex
(C:\Users\hansy\AppData\Roaming\MiKTeX\2.9\tex/generic/pgf/math\pgfmathfunction
s.basic.code.tex)
(C:\Users\hansy\AppData\Roaming\MiKTeX\2.9\tex/generic/pgf/math\pgfmathfunction
s.trigonometric.code.tex)
(C:\Users\hansy\AppData\Roaming\MiKTeX\2.9\tex/generic/pgf/math\pgfmathfunction
s.random.code.tex)
(C:\Users\hansy\AppData\Roaming\MiKTeX\2.9\tex/generic/pgf/math\pgfmathfunction
s.comparison.code.tex)
(C:\Users\hansy\AppData\Roaming\MiKTeX\2.9\tex/generic/pgf/math\pgfmathfunction
s.base.code.tex)
(C:\Users\hansy\AppData\Roaming\MiKTeX\2.9\tex/generic/pgf/math\pgfmathfunction
s.round.code.tex)
(C:\Users\hansy\AppData\Roaming\MiKTeX\2.9\tex/generic/pgf/math\pgfmathfunction
s.misc.code.tex)
(C:\Users\hansy\AppData\Roaming\MiKTeX\2.9\tex/generic/pgf/math\pgfmathfunction
s.integerarithmetics.code.tex)))
(C:\Users\hansy\AppData\Roaming\MiKTeX\2.9\tex/generic/pgf/math\pgfmathfloat.co
de.tex
\c@pgfmathroundto@lastzeros=\count116
))
(C:\Users\hansy\AppData\Roaming\MiKTeX\2.9\tex/generic/pgf/math\pgfint.code.tex
)
(C:\Users\hansy\AppData\Roaming\MiKTeX\2.9\tex/generic/pgf/basiclayer\pgfcorepo
ints.code.tex
File: pgfcorepoints.code.tex 2019/08/03 v3.1.4b (3.1.4b)
\pgf@picminx=\dimen141
\pgf@picmaxx=\dimen142
\pgf@picminy=\dimen143
\pgf@picmaxy=\dimen144
\pgf@pathminx=\dimen145
\pgf@pathmaxx=\dimen146
\pgf@pathminy=\dimen147
\pgf@pathmaxy=\dimen148
\pgf@xx=\dimen149
\pgf@xy=\dimen150
\pgf@yx=\dimen151
\pgf@yy=\dimen152
\pgf@zx=\dimen153
\pgf@zy=\dimen154
)
(C:\Users\hansy\AppData\Roaming\MiKTeX\2.9\tex/generic/pgf/basiclayer\pgfcorepa
thconstruct.code.tex
File: pgfcorepathconstruct.code.tex 2019/08/03 v3.1.4b (3.1.4b)
\pgf@path@lastx=\dimen155
\pgf@path@lasty=\dimen156
)
(C:\Users\hansy\AppData\Roaming\MiKTeX\2.9\tex/generic/pgf/basiclayer\pgfcorepa
thusage.code.tex
File: pgfcorepathusage.code.tex 2019/08/03 v3.1.4b (3.1.4b)
\pgf@shorten@end@additional=\dimen157
\pgf@shorten@start@additional=\dimen158
)
(C:\Users\hansy\AppData\Roaming\MiKTeX\2.9\tex/generic/pgf/basiclayer\pgfcoresc
opes.code.tex
File: pgfcorescopes.code.tex 2019/08/03 v3.1.4b (3.1.4b)
\pgfpic=\box38
\pgf@hbox=\box39
\pgf@layerbox@main=\box40
\pgf@picture@serial@count=\count117
)
(C:\Users\hansy\AppData\Roaming\MiKTeX\2.9\tex/generic/pgf/basiclayer\pgfcoregr
aphicstate.code.tex
File: pgfcoregraphicstate.code.tex 2019/08/03 v3.1.4b (3.1.4b)
\pgflinewidth=\dimen159
)
(C:\Users\hansy\AppData\Roaming\MiKTeX\2.9\tex/generic/pgf/basiclayer\pgfcoretr
ansformations.code.tex
File: pgfcoretransformations.code.tex 2019/08/03 v3.1.4b (3.1.4b)
\pgf@pt@x=\dimen160
\pgf@pt@y=\dimen161
\pgf@pt@temp=\dimen162
)
(C:\Users\hansy\AppData\Roaming\MiKTeX\2.9\tex/generic/pgf/basiclayer\pgfcorequ
ick.code.tex
File: pgfcorequick.code.tex 2019/08/03 v3.1.4b (3.1.4b)
)
(C:\Users\hansy\AppData\Roaming\MiKTeX\2.9\tex/generic/pgf/basiclayer\pgfcoreob
jects.code.tex
File: pgfcoreobjects.code.tex 2019/08/03 v3.1.4b (3.1.4b)
)
(C:\Users\hansy\AppData\Roaming\MiKTeX\2.9\tex/generic/pgf/basiclayer\pgfcorepa
thprocessing.code.tex
File: pgfcorepathprocessing.code.tex 2019/08/03 v3.1.4b (3.1.4b)
)
(C:\Users\hansy\AppData\Roaming\MiKTeX\2.9\tex/generic/pgf/basiclayer\pgfcorear
rows.code.tex
File: pgfcorearrows.code.tex 2019/08/03 v3.1.4b (3.1.4b)
\pgfarrowsep=\dimen163
)
(C:\Users\hansy\AppData\Roaming\MiKTeX\2.9\tex/generic/pgf/basiclayer\pgfcoresh
ade.code.tex
File: pgfcoreshade.code.tex 2019/08/03 v3.1.4b (3.1.4b)
\pgf@max=\dimen164
\pgf@sys@shading@range@num=\count118
\pgf@shadingcount=\count119
)
(C:\Users\hansy\AppData\Roaming\MiKTeX\2.9\tex/generic/pgf/basiclayer\pgfcoreim
age.code.tex
File: pgfcoreimage.code.tex 2019/08/03 v3.1.4b (3.1.4b)

(C:\Users\hansy\AppData\Roaming\MiKTeX\2.9\tex/generic/pgf/basiclayer\pgfcoreex
ternal.code.tex
File: pgfcoreexternal.code.tex 2019/08/03 v3.1.4b (3.1.4b)
\pgfexternal@startupbox=\box41
))
(C:\Users\hansy\AppData\Roaming\MiKTeX\2.9\tex/generic/pgf/basiclayer\pgfcorela
yers.code.tex
File: pgfcorelayers.code.tex 2019/08/03 v3.1.4b (3.1.4b)
)
(C:\Users\hansy\AppData\Roaming\MiKTeX\2.9\tex/generic/pgf/basiclayer\pgfcoretr
ansparency.code.tex
File: pgfcoretransparency.code.tex 2019/08/03 v3.1.4b (3.1.4b)
)
(C:\Users\hansy\AppData\Roaming\MiKTeX\2.9\tex/generic/pgf/basiclayer\pgfcorepa
tterns.code.tex
File: pgfcorepatterns.code.tex 2019/08/03 v3.1.4b (3.1.4b)
)
(C:\Users\hansy\AppData\Roaming\MiKTeX\2.9\tex/generic/pgf/basiclayer\pgfcorerd
f.code.tex
File: pgfcorerdf.code.tex 2019/08/03 v3.1.4b (3.1.4b)
)))
(C:\Users\hansy\AppData\Roaming\MiKTeX\2.9\tex/latex/pgf/utilities\xxcolor.sty
Package: xxcolor 2003/10/24 ver 0.1
\XC@nummixins=\count120
\XC@countmixins=\count121
) ("D:\Program Files\MiKTeX 2.9\tex/generic/oberdiek\atbegshi.sty"
Package: atbegshi 2016/06/09 v1.18 At begin shipout hook (HO)

("D:\Program Files\MiKTeX 2.9\tex/generic/oberdiek\infwarerr.sty"
Package: infwarerr 2016/05/16 v1.4 Providing info/warning/error messages (HO)
)
("D:\Program Files\MiKTeX 2.9\tex/generic/oberdiek\ltxcmds.sty"
Package: ltxcmds 2016/05/16 v1.23 LaTeX kernel commands for general use (HO)
))
("D:\Program Files\MiKTeX 2.9\tex/latex/hyperref\hyperref.sty"
Package: hyperref 2018/11/30 v6.88e Hypertext links for LaTeX

(C:\Users\hansy\AppData\Roaming\MiKTeX\2.9\tex/latex/hobsub\hobsub-hyperref.sty
Package: hobsub-hyperref 2019-11-14
hobsub not currently supported, see hobsub.dtx to extract original code
(C:\Users\hansy\AppData\Roaming\MiKTeX\2.9\tex/latex/pdftexcmds\pdftexcmds.sty
Package: pdftexcmds 2019/11/24 v0.31 Utility functions of pdfTeX for LuaTeX (HO
)
Package pdftexcmds Info: \pdf@primitive is available.
Package pdftexcmds Info: \pdf@ifprimitive is available.
Package pdftexcmds Info: \pdfdraftmode found.
) ("D:\Program Files\MiKTeX 2.9\tex/generic/oberdiek\kvsetkeys.sty"
Package: kvsetkeys 2016/05/16 v1.17 Key value parser (HO)

("D:\Program Files\MiKTeX 2.9\tex/generic/oberdiek\etexcmds.sty"
Package: etexcmds 2016/05/16 v1.6 Avoid name clashes with e-TeX commands (HO)

(C:\Users\hansy\AppData\Roaming\MiKTeX\2.9\tex/generic/iftex\ifluatex.sty
Package: ifluatex 2019/10/25 v1.5 ifluatex legacy package. Use iftex instead.
)))
("D:\Program Files\MiKTeX 2.9\tex/generic/oberdiek\kvdefinekeys.sty"
Package: kvdefinekeys 2016/05/16 v1.4 Define keys (HO)
)
("D:\Program Files\MiKTeX 2.9\tex/generic/oberdiek\pdfescape.sty"
Package: pdfescape 2016/05/16 v1.14 Implements pdfTeX's escape features (HO)
)
("D:\Program Files\MiKTeX 2.9\tex/latex/oberdiek\hycolor.sty"
Package: hycolor 2016/05/16 v1.8 Color options for hyperref/bookmark (HO)

("D:\Program Files\MiKTeX 2.9\tex/latex/oberdiek\xcolor-patch.sty"
Package: xcolor-patch 2016/05/16 xcolor patch

("D:\Program Files\MiKTeX 2.9\tex/latex/oberdiek\hopatch.sty"
Package: hopatch 2016/05/16 v1.3 Wrapper for package hooks (HO)
)))
("D:\Program Files\MiKTeX 2.9\tex/latex/oberdiek\letltxmacro.sty"
Package: letltxmacro 2016/05/16 v1.5 Let assignment for LaTeX macros (HO)
))
("D:\Program Files\MiKTeX 2.9\tex/latex/oberdiek\auxhook.sty"
Package: auxhook 2016/05/16 v1.4 Hooks for auxiliary files (HO)
)
("D:\Program Files\MiKTeX 2.9\tex/latex/oberdiek\kvoptions.sty"
Package: kvoptions 2016/05/16 v3.12 Key value format for package options (HO)
)
\@linkdim=\dimen165
\Hy@linkcounter=\count122
\Hy@pagecounter=\count123

("D:\Program Files\MiKTeX 2.9\tex/latex/hyperref\pd1enc.def"
File: pd1enc.def 2018/11/30 v6.88e Hyperref: PDFDocEncoding definition (HO)
Now handling font encoding PD1 ...
... no UTF-8 mapping file for font encoding PD1
)
("D:\Program Files\MiKTeX 2.9\tex/generic/oberdiek\intcalc.sty"
Package: intcalc 2016/05/16 v1.2 Expandable calculations with integers (HO)
)
\Hy@SavedSpaceFactor=\count124

("D:\Program Files\MiKTeX 2.9\tex/latex/00miktex\hyperref.cfg"
File: hyperref.cfg 2002/06/06 v1.2 hyperref configuration of TeXLive
)
Package hyperref Info: Option `bookmarks' set `true' on input line 4393.
Package hyperref Info: Option `bookmarksopen' set `true' on input line 4393.
Package hyperref Info: Option `implicit' set `false' on input line 4393.
Package hyperref Info: Hyper figures OFF on input line 4519.
Package hyperref Info: Link nesting OFF on input line 4524.
Package hyperref Info: Hyper index ON on input line 4527.
Package hyperref Info: Plain pages OFF on input line 4534.
Package hyperref Info: Backreferencing OFF on input line 4539.
Package hyperref Info: Implicit mode OFF; no redefinition of LaTeX internals.
Package hyperref Info: Bookmarks ON on input line 4772.
\c@Hy@tempcnt=\count125

(C:\Users\hansy\AppData\Roaming\MiKTeX\2.9\tex/latex/url\url.sty
\Urlmuskip=\muskip10
Package: url 2013/09/16  ver 3.4  Verb mode for urls, etc.
)
LaTeX Info: Redefining \url on input line 5125.
\XeTeXLinkMargin=\dimen166

("D:\Program Files\MiKTeX 2.9\tex/generic/oberdiek\bitset.sty"
Package: bitset 2016/05/16 v1.2 Handle bit-vector datatype (HO)

("D:\Program Files\MiKTeX 2.9\tex/generic/oberdiek\bigintcalc.sty"
Package: bigintcalc 2016/05/16 v1.4 Expandable calculations on big integers (HO
)
))
\Fld@menulength=\count126
\Field@Width=\dimen167
\Fld@charsize=\dimen168
Package hyperref Info: Hyper figures OFF on input line 6380.
Package hyperref Info: Link nesting OFF on input line 6385.
Package hyperref Info: Hyper index ON on input line 6388.
Package hyperref Info: backreferencing OFF on input line 6395.
Package hyperref Info: Link coloring OFF on input line 6400.
Package hyperref Info: Link coloring with OCG OFF on input line 6405.
Package hyperref Info: PDF/A mode OFF on input line 6410.
LaTeX Info: Redefining \ref on input line 6450.
LaTeX Info: Redefining \pageref on input line 6454.
\Hy@abspage=\count127


Package hyperref Message: Stopped early.

)
Package hyperref Info: Driver (autodetected): hpdftex.
 ("D:\Program Files\MiKTeX 2.9\tex/latex/hyperref\hpdftex.def"
File: hpdftex.def 2018/11/30 v6.88e Hyperref driver for pdfTeX

("D:\Program Files\MiKTeX 2.9\tex/latex/oberdiek\atveryend.sty"
Package: atveryend 2016/05/16 v1.9 Hooks at the very end of document (HO)
)
\Fld@listcount=\count128
\c@bookmark@seq@number=\count129

("D:\Program Files\MiKTeX 2.9\tex/latex/oberdiek\rerunfilecheck.sty"
Package: rerunfilecheck 2016/05/16 v1.8 Rerun checks for auxiliary files (HO)

("D:\Program Files\MiKTeX 2.9\tex/generic/oberdiek\uniquecounter.sty"
Package: uniquecounter 2016/05/16 v1.3 Provide unlimited unique counter (HO)
)
Package uniquecounter Info: New unique counter `rerunfilecheck' on input line 2
82.
))
(C:\Users\hansy\AppData\Roaming\MiKTeX\2.9\tex/latex/beamer\beamerbaserequires.
sty
(C:\Users\hansy\AppData\Roaming\MiKTeX\2.9\tex/latex/beamer\beamerbasecompatibi
lity.sty)
(C:\Users\hansy\AppData\Roaming\MiKTeX\2.9\tex/latex/beamer\beamerbasefont.sty
("D:\Program Files\MiKTeX 2.9\tex/latex/amsfonts\amssymb.sty"
Package: amssymb 2013/01/14 v3.01 AMS font symbols

("D:\Program Files\MiKTeX 2.9\tex/latex/amsfonts\amsfonts.sty"
Package: amsfonts 2013/01/14 v3.01 Basic AMSFonts support
\@emptytoks=\toks26
\symAMSa=\mathgroup4
\symAMSb=\mathgroup5
LaTeX Font Info:    Overwriting math alphabet `\mathfrak' in version `bold'
(Font)                  U/euf/m/n --> U/euf/b/n on input line 106.
))
(C:\Users\hansy\AppData\Roaming\MiKTeX\2.9\tex/latex/sansmathaccent\sansmathacc
ent.sty
Package: sansmathaccent 2020/01/31

(C:\Users\hansy\AppData\Roaming\MiKTeX\2.9\tex/latex/koma-script\scrlfile.sty
Package: scrlfile 2020/01/24 v3.29 KOMA-Script package (loading files)
)))
(C:\Users\hansy\AppData\Roaming\MiKTeX\2.9\tex/latex/beamer\beamerbasetranslato
r.sty
(C:\Users\hansy\AppData\Roaming\MiKTeX\2.9\tex/latex/translator\translator.sty
Package: translator 2019-05-31 v1.12a Easy translation of strings in LaTeX
))
(C:\Users\hansy\AppData\Roaming\MiKTeX\2.9\tex/latex/beamer\beamerbasemisc.sty)

(C:\Users\hansy\AppData\Roaming\MiKTeX\2.9\tex/latex/beamer\beamerbasetwoscreen
s.sty)
(C:\Users\hansy\AppData\Roaming\MiKTeX\2.9\tex/latex/beamer\beamerbaseoverlay.s
ty
\beamer@argscount=\count130
\beamer@lastskipcover=\skip44
\beamer@trivlistdepth=\count131
)
(C:\Users\hansy\AppData\Roaming\MiKTeX\2.9\tex/latex/beamer\beamerbasetitle.sty
)
(C:\Users\hansy\AppData\Roaming\MiKTeX\2.9\tex/latex/beamer\beamerbasesection.s
ty
\c@lecture=\count132
\c@part=\count133
\c@section=\count134
\c@subsection=\count135
\c@subsubsection=\count136
)
(C:\Users\hansy\AppData\Roaming\MiKTeX\2.9\tex/latex/beamer\beamerbaseframe.sty
\beamer@framebox=\box42
\beamer@frametitlebox=\box43
\beamer@zoombox=\box44
\beamer@zoomcount=\count137
\beamer@zoomframecount=\count138
\beamer@frametextheight=\dimen169
\c@subsectionslide=\count139
\beamer@frametopskip=\skip45
\beamer@framebottomskip=\skip46
\beamer@frametopskipautobreak=\skip47
\beamer@framebottomskipautobreak=\skip48
\beamer@envbody=\toks27
\framewidth=\dimen170
\c@framenumber=\count140
)
(C:\Users\hansy\AppData\Roaming\MiKTeX\2.9\tex/latex/beamer\beamerbaseverbatim.
sty
\beamer@verbatimfileout=\write4
)
(C:\Users\hansy\AppData\Roaming\MiKTeX\2.9\tex/latex/beamer\beamerbaseframesize
.sty
\beamer@splitbox=\box45
\beamer@autobreakcount=\count141
\beamer@autobreaklastheight=\dimen171
\beamer@frametitletoks=\toks28
\beamer@framesubtitletoks=\toks29
)
(C:\Users\hansy\AppData\Roaming\MiKTeX\2.9\tex/latex/beamer\beamerbaseframecomp
onents.sty
\beamer@footins=\box46
)
(C:\Users\hansy\AppData\Roaming\MiKTeX\2.9\tex/latex/beamer\beamerbasecolor.sty
)
(C:\Users\hansy\AppData\Roaming\MiKTeX\2.9\tex/latex/beamer\beamerbasenotes.sty
\beamer@frameboxcopy=\box47
) (C:\Users\hansy\AppData\Roaming\MiKTeX\2.9\tex/latex/beamer\beamerbasetoc.sty
)
(C:\Users\hansy\AppData\Roaming\MiKTeX\2.9\tex/latex/beamer\beamerbasetemplates
.sty
\beamer@sbttoks=\toks30

(C:\Users\hansy\AppData\Roaming\MiKTeX\2.9\tex/latex/beamer\beamerbaseauxtempla
tes.sty
(C:\Users\hansy\AppData\Roaming\MiKTeX\2.9\tex/latex/beamer\beamerbaseboxes.sty
\bmb@box=\box48
\bmb@colorbox=\box49
\bmb@boxshadow=\box50
\bmb@boxshadowball=\box51
\bmb@boxshadowballlarge=\box52
\bmb@temp=\dimen172
\bmb@dima=\dimen173
\bmb@dimb=\dimen174
\bmb@prevheight=\dimen175
)
\beamer@blockheadheight=\dimen176
))
(C:\Users\hansy\AppData\Roaming\MiKTeX\2.9\tex/latex/beamer\beamerbaselocalstru
cture.sty ("D:\Program Files\MiKTeX 2.9\tex/latex/tools\enumerate.sty"
Package: enumerate 2015/07/23 v3.00 enumerate extensions (DPC)
\@enLab=\toks31
)
\c@figure=\count142
\c@table=\count143
\abovecaptionskip=\skip49
\belowcaptionskip=\skip50
)
(C:\Users\hansy\AppData\Roaming\MiKTeX\2.9\tex/latex/beamer\beamerbasenavigatio
n.sty
\beamer@section@min@dim=\dimen177
)
(C:\Users\hansy\AppData\Roaming\MiKTeX\2.9\tex/latex/beamer\beamerbasetheorems.
sty ("D:\Program Files\MiKTeX 2.9\tex/latex/amsmath\amsmath.sty"
Package: amsmath 2018/12/01 v2.17b AMS math features
\@mathmargin=\skip51

For additional information on amsmath, use the `?' option.
("D:\Program Files\MiKTeX 2.9\tex/latex/amsmath\amstext.sty"
Package: amstext 2000/06/29 v2.01 AMS text

("D:\Program Files\MiKTeX 2.9\tex/latex/amsmath\amsgen.sty"
File: amsgen.sty 1999/11/30 v2.0 generic functions
\@emptytoks=\toks32
\ex@=\dimen178
))
("D:\Program Files\MiKTeX 2.9\tex/latex/amsmath\amsbsy.sty"
Package: amsbsy 1999/11/29 v1.2d Bold Symbols
\pmbraise@=\dimen179
)
("D:\Program Files\MiKTeX 2.9\tex/latex/amsmath\amsopn.sty"
Package: amsopn 2016/03/08 v2.02 operator names
)
\inf@bad=\count144
LaTeX Info: Redefining \frac on input line 223.
\uproot@=\count145
\leftroot@=\count146
LaTeX Info: Redefining \overline on input line 385.
\classnum@=\count147
\DOTSCASE@=\count148
LaTeX Info: Redefining \ldots on input line 482.
LaTeX Info: Redefining \dots on input line 485.
LaTeX Info: Redefining \cdots on input line 606.
\Mathstrutbox@=\box53
\strutbox@=\box54
\big@size=\dimen180
LaTeX Font Info:    Redeclaring font encoding OML on input line 729.
LaTeX Font Info:    Redeclaring font encoding OMS on input line 730.
\macc@depth=\count149
\c@MaxMatrixCols=\count150
\dotsspace@=\muskip11
\c@parentequation=\count151
\dspbrk@lvl=\count152
\tag@help=\toks33
\row@=\count153
\column@=\count154
\maxfields@=\count155
\andhelp@=\toks34
\eqnshift@=\dimen181
\alignsep@=\dimen182
\tagshift@=\dimen183
\tagwidth@=\dimen184
\totwidth@=\dimen185
\lineht@=\dimen186
\@envbody=\toks35
\multlinegap=\skip52
\multlinetaggap=\skip53
\mathdisplay@stack=\toks36
LaTeX Info: Redefining \[ on input line 2844.
LaTeX Info: Redefining \] on input line 2845.
)
("D:\Program Files\MiKTeX 2.9\tex/latex/amscls\amsthm.sty"
Package: amsthm 2017/10/31 v2.20.4
\thm@style=\toks37
\thm@bodyfont=\toks38
\thm@headfont=\toks39
\thm@notefont=\toks40
\thm@headpunct=\toks41
\thm@preskip=\skip54
\thm@postskip=\skip55
\thm@headsep=\skip56
\dth@everypar=\toks42
)
\c@theorem=\count156
)
(C:\Users\hansy\AppData\Roaming\MiKTeX\2.9\tex/latex/beamer\beamerbasethemes.st
y))
(C:\Users\hansy\AppData\Roaming\MiKTeX\2.9\tex/latex/beamer\beamerthemedefault.
sty
(C:\Users\hansy\AppData\Roaming\MiKTeX\2.9\tex/latex/beamer\beamerfontthemedefa
ult.sty)
(C:\Users\hansy\AppData\Roaming\MiKTeX\2.9\tex/latex/beamer\beamercolorthemedef
ault.sty)
(C:\Users\hansy\AppData\Roaming\MiKTeX\2.9\tex/latex/beamer\beamerinnerthemedef
ault.sty
\beamer@dima=\dimen187
\beamer@dimb=\dimen188
)
(C:\Users\hansy\AppData\Roaming\MiKTeX\2.9\tex/latex/beamer\beamerouterthemedef
ault.sty))) ("D:\Program Files\MiKTeX 2.9\tex/latex/base\inputenc.sty"
Package: inputenc 2018/08/11 v1.3c Input encoding file
\inpenc@prehook=\toks43
\inpenc@posthook=\toks44
)
(C:\Users\hansy\AppData\Roaming\MiKTeX\2.9\tex/latex/booktabs\booktabs.sty
Package: booktabs 2020/01/12 v1.61803398 Publication quality tables
\heavyrulewidth=\dimen189
\lightrulewidth=\dimen190
\cmidrulewidth=\dimen191
\belowrulesep=\dimen192
\belowbottomsep=\dimen193
\aboverulesep=\dimen194
\abovetopsep=\dimen195
\cmidrulesep=\dimen196
\cmidrulekern=\dimen197
\defaultaddspace=\dimen198
\@cmidla=\count157
\@cmidlb=\count158
\@aboverulesep=\dimen199
\@belowrulesep=\dimen256
\@thisruleclass=\count159
\@lastruleclass=\count160
\@thisrulewidth=\dimen257
)
(C:\Users\hansy\AppData\Roaming\MiKTeX\2.9\tex/latex/braket\braket.sty)
(C:\Users\hansy\AppData\Roaming\MiKTeX\2.9\tex/latex/mathtools\mathtools.sty
Package: mathtools 2020/01/17 v1.23 mathematical typesetting tools

("D:\Program Files\MiKTeX 2.9\tex/latex/tools\calc.sty"
Package: calc 2017/05/25 v4.3 Infix arithmetic (KKT,FJ)
\calc@Acount=\count161
\calc@Bcount=\count162
\calc@Adimen=\dimen258
\calc@Bdimen=\dimen259
\calc@Askip=\skip57
\calc@Bskip=\skip58
LaTeX Info: Redefining \setlength on input line 80.
LaTeX Info: Redefining \addtolength on input line 81.
\calc@Ccount=\count163
\calc@Cskip=\skip59
)
(C:\Users\hansy\AppData\Roaming\MiKTeX\2.9\tex/latex/mathtools\mhsetup.sty
Package: mhsetup 2017/03/31 v1.3 programming setup (MH)
)
LaTeX Info: Thecontrolsequence`\('isalreadyrobust on input line 129.
LaTeX Info: Thecontrolsequence`\)'isalreadyrobust on input line 129.
LaTeX Info: Thecontrolsequence`\['isalreadyrobust on input line 129.
LaTeX Info: Thecontrolsequence`\]'isalreadyrobust on input line 129.
\g_MT_multlinerow_int=\count164
\l_MT_multwidth_dim=\dimen260
\origjot=\skip60
\l_MT_shortvdotswithinadjustabove_dim=\dimen261
\l_MT_shortvdotswithinadjustbelow_dim=\dimen262
\l_MT_above_intertext_sep=\dimen263
\l_MT_below_intertext_sep=\dimen264
\l_MT_above_shortintertext_sep=\dimen265
\l_MT_below_shortintertext_sep=\dimen266
)
("D:\Program Files\MiKTeX 2.9\tex/generic/babel\babel.sty"
Package: babel 2019/04/03 3.29 The Babel package

("D:\Program Files\MiKTeX 2.9\tex/generic/babel\switch.def"
File: switch.def 2019/04/03 3.29 Babel switching mechanism
)
*************************************
* Local config file bblopts.cfg used
*
(C:\Users\hansy\AppData\Roaming\MiKTeX\2.9\tex/latex/arabi\bblopts.cfg
File: bblopts.cfg 2005/09/08 v0.1 add Arabic and Farsi to "declared" options of
 babel
)
Package babel Info: You haven't specified a language. I'll use 'nil'
(babel)             as the main language. Reported on input line 510.

("D:\Program Files\MiKTeX 2.9\tex/generic/babel\nil.ldf"
Language: nil 2019/04/03 3.29 Nil language

("D:\Program Files\MiKTeX 2.9\tex/generic/babel\babel.def"
File: babel.def 2019/04/03 3.29 Babel common definitions
\babel@savecnt=\count165
\U@D=\dimen267

("D:\Program Files\MiKTeX 2.9\tex/generic/babel\txtbabel.def")
LaTeX Info: Redefining \textlatin on input line 2011.
\bbl@dirlevel=\count166
)))
(C:\Users\hansy\AppData\Roaming\MiKTeX\2.9\tex/latex/blindtext\blindtext.sty
Package: blindtext 2012/01/06 V2.0 blindtext-Package

("D:\Program Files\MiKTeX 2.9\tex/latex/tools\xspace.sty"
Package: xspace 2014/10/28 v1.13 Space after command names (DPC,MH)
)
\c@blindtext=\count167
\c@Blindtext=\count168
\c@blind@countparstart=\count169
\blind@countxx=\count170
\blindtext@numBlindtext=\count171
\blind@countyy=\count172
\c@blindlist=\count173
\c@blindlistlevel=\count174
\c@blindlist@level=\count175
\blind@listitem=\count176
\c@blind@listcount=\count177
\c@blind@levelcount=\count178
\blind@mathformula=\count179
\blind@Mathformula=\count180
\c@blind@randomcount=\count181
\c@blind@randommax=\count182
\c@blind@pangramcount=\count183
\c@blind@pangrammax=\count184
)
("D:\Program Files\MiKTeX 2.9\tex/latex/jknappen\mathrsfs.sty"
Package: mathrsfs 1996/01/01 Math RSFS package v1.0 (jk)
\symrsfs=\mathgroup6
)
(C:\Users\hansy\AppData\Roaming\MiKTeX\2.9\tex/latex/caption\subcaption.sty
Package: subcaption 2020/01/22 v1.3d Sub-captions (AR)

(C:\Users\hansy\AppData\Roaming\MiKTeX\2.9\tex/latex/caption\caption.sty
Package: caption 2020/05/30 v3.4k Customizing captions (AR)

(C:\Users\hansy\AppData\Roaming\MiKTeX\2.9\tex/latex/caption\caption3.sty
Package: caption3 2020/07/20 v1.12b caption3 kernel (AR)
Package caption3 Info: TeX engine: e-TeX on input line 61.
\captionmargin=\dimen268
\captionmargin@=\dimen269
\captionwidth=\dimen270
\caption@tempdima=\dimen271
\caption@indent=\dimen272
\caption@parindent=\dimen273
\caption@hangindent=\dimen274
Package caption Info: beamer document class detected.
)
\c@caption@flags=\count185
\c@continuedfloat=\count186
Package caption Info: beamer document class.
Package caption Info: hyperref package is loaded.
Package caption Info: Hyperref support is turned off
(caption)             because hyperref has stopped early.
)
\c@subfigure=\count187
\c@subtable=\count188
)
(C:\Users\hansy\AppData\Roaming\MiKTeX\2.9\tex/latex/comment\comment.sty
\CommentStream=\write5

Excluding comment 'comment')
(C:\Users\hansy\AppData\Roaming\MiKTeX\2.9\tex/latex/adjustbox\adjustbox.sty
Package: adjustbox 2020/08/19 v1.3 Adjusting TeX boxes (trim, clip, ...)

("D:\Program Files\MiKTeX 2.9\tex/latex/xkeyval\xkeyval.sty"
Package: xkeyval 2014/12/03 v2.7a package option processing (HA)

("D:\Program Files\MiKTeX 2.9\tex/generic/xkeyval\xkeyval.tex"
("D:\Program Files\MiKTeX 2.9\tex/generic/xkeyval\xkvutils.tex"
\XKV@toks=\toks45
\XKV@tempa@toks=\toks46
)
\XKV@depth=\count189
File: xkeyval.tex 2014/12/03 v2.7a key=value parser (HA)
))
(C:\Users\hansy\AppData\Roaming\MiKTeX\2.9\tex/latex/adjustbox\adjcalc.sty
Package: adjcalc 2012/05/16 v1.1 Provides advanced setlength with multiple back
-ends (calc, etex, pgfmath)
)
(C:\Users\hansy\AppData\Roaming\MiKTeX\2.9\tex/latex/adjustbox\trimclip.sty
Package: trimclip 2020/08/19 v1.2 Trim and clip general TeX material

(C:\Users\hansy\AppData\Roaming\MiKTeX\2.9\tex/latex/collectbox\collectbox.sty
Package: collectbox 2012/05/17 v0.4b Collect macro arguments as boxes
\collectedbox=\box55
)
\tc@llx=\dimen275
\tc@lly=\dimen276
\tc@urx=\dimen277
\tc@ury=\dimen278
Package trimclip Info: Using driver 'tc-pdftex.def'.
(C:\Users\hansy\AppData\Roaming\MiKTeX\2.9\tex/latex/adjustbox\tc-pdftex.def
File: tc-pdftex.def 2019/01/04 v2.2 Clipping driver for pdftex
))
\adjbox@Width=\dimen279
\adjbox@Height=\dimen280
\adjbox@Depth=\dimen281
\adjbox@Totalheight=\dimen282
\adjbox@pwidth=\dimen283
\adjbox@pheight=\dimen284
\adjbox@pdepth=\dimen285
\adjbox@ptotalheight=\dimen286

(C:\Users\hansy\AppData\Roaming\MiKTeX\2.9\tex/latex/ifoddpage\ifoddpage.sty
Package: ifoddpage 2016/04/23 v1.1 Conditionals for odd/even page detection
\c@checkoddpage=\count190
)
(C:\Users\hansy\AppData\Roaming\MiKTeX\2.9\tex/latex/varwidth\varwidth.sty
Package: varwidth 2009/03/30 ver 0.92;  Variable-width minipages
\@vwid@box=\box56
\sift@deathcycles=\count191
\@vwid@loff=\dimen287
\@vwid@roff=\dimen288
))
(C:\Users\hansy\AppData\Roaming\MiKTeX\2.9\tex/latex/beamer\beamerthemeMadrid.s
ty
(C:\Users\hansy\AppData\Roaming\MiKTeX\2.9\tex/latex/beamer\beamercolorthemewha
le.sty)
(C:\Users\hansy\AppData\Roaming\MiKTeX\2.9\tex/latex/beamer\beamercolorthemeorc
hid.sty)
(C:\Users\hansy\AppData\Roaming\MiKTeX\2.9\tex/latex/beamer\beamerinnerthemerou
nded.sty)
(C:\Users\hansy\AppData\Roaming\MiKTeX\2.9\tex/latex/beamer\beamerouterthemeinf
olines.sty))

Package hyperref Warning: Token not allowed in a PDF string (PDFDocEncoding):
(hyperref)                removing `math shift' on input line 57.


Package hyperref Warning: Token not allowed in a PDF string (PDFDocEncoding):
(hyperref)                removing `math shift' on input line 57.

("Minimal Surface and Its Application to $3$-manifolds II.aux")
\openout1 = `"Minimal Surface and Its Application to $3$-manifolds II.aux"'.

LaTeX Font Info:    Checking defaults for OML/cmm/m/it on input line 57.
LaTeX Font Info:    ... okay on input line 57.
LaTeX Font Info:    Checking defaults for T1/cmr/m/n on input line 57.
LaTeX Font Info:    ... okay on input line 57.
LaTeX Font Info:    Checking defaults for OT1/cmr/m/n on input line 57.
LaTeX Font Info:    ... okay on input line 57.
LaTeX Font Info:    Checking defaults for OMS/cmsy/m/n on input line 57.
LaTeX Font Info:    ... okay on input line 57.
LaTeX Font Info:    Checking defaults for OMX/cmex/m/n on input line 57.
LaTeX Font Info:    ... okay on input line 57.
LaTeX Font Info:    Checking defaults for U/cmr/m/n on input line 57.
LaTeX Font Info:    ... okay on input line 57.
LaTeX Font Info:    Checking defaults for PD1/pdf/m/n on input line 57.
LaTeX Font Info:    ... okay on input line 57.

*geometry* driver: auto-detecting
*geometry* detected driver: pdftex
*geometry* verbose mode - [ preamble ] result:
* driver: pdftex
* paper: custom
* layout: <same size as paper>
* layoutoffset:(h,v)=(0.0pt,0.0pt)
* modes: includehead includefoot 
* h-part:(L,W,R)=(10.95003pt, 342.2953pt, 10.95003pt)
* v-part:(T,H,B)=(0.0pt, 273.14662pt, 0.0pt)
* \paperwidth=364.19536pt
* \paperheight=273.14662pt
* \textwidth=342.2953pt
* \textheight=244.6939pt
* \oddsidemargin=-61.31996pt
* \evensidemargin=-61.31996pt
* \topmargin=-72.26999pt
* \headheight=14.22636pt
* \headsep=0.0pt
* \topskip=11.0pt
* \footskip=14.22636pt
* \marginparwidth=4.0pt
* \marginparsep=10.0pt
* \columnsep=10.0pt
* \skip\footins=10.0pt plus 4.0pt minus 2.0pt
* \hoffset=0.0pt
* \voffset=0.0pt
* \mag=1000
* \@twocolumnfalse
* \@twosidefalse
* \@mparswitchfalse
* \@reversemarginfalse
* (1in=72.27pt=25.4mm, 1cm=28.453pt)

(C:\Users\hansy\AppData\Roaming\MiKTeX\2.9\tex/context/base/mkii\supp-pdf.mkii
[Loading MPS to PDF converter (version 2006.09.02).]
\scratchcounter=\count192
\scratchdimen=\dimen289
\scratchbox=\box57
\nofMPsegments=\count193
\nofMParguments=\count194
\everyMPshowfont=\toks47
\MPscratchCnt=\count195
\MPscratchDim=\dimen290
\MPnumerator=\count196
\makeMPintoPDFobject=\count197
\everyMPtoPDFconversion=\toks48
) ("D:\Program Files\MiKTeX 2.9\tex/latex/oberdiek\epstopdf-base.sty"
Package: epstopdf-base 2016/05/15 v2.6 Base part for package epstopdf

("D:\Program Files\MiKTeX 2.9\tex/latex/oberdiek\grfext.sty"
Package: grfext 2016/05/16 v1.2 Manage graphics extensions (HO)
)
Package epstopdf-base Info: Redefining graphics rule for `.eps' on input line 4
38.
Package grfext Info: Graphics extension search list:
(grfext)             [.pdf,.png,.jpg,.mps,.jpeg,.jbig2,.jb2,.PDF,.PNG,.JPG,.JPE
G,.JBIG2,.JB2,.eps]
(grfext)             \AppendGraphicsExtensions on input line 456.
)
ABD: EveryShipout initializing macros
\AtBeginShipoutBox=\box58
Package hyperref Info: Link coloring OFF on input line 57.

("D:\Program Files\MiKTeX 2.9\tex/latex/hyperref\nameref.sty"
Package: nameref 2016/05/21 v2.44 Cross-referencing by name of section

("D:\Program Files\MiKTeX 2.9\tex/latex/oberdiek\refcount.sty"
Package: refcount 2016/05/16 v3.5 Data extraction from label references (HO)
)
("D:\Program Files\MiKTeX 2.9\tex/generic/oberdiek\gettitlestring.sty"
Package: gettitlestring 2016/05/16 v1.5 Cleanup title references (HO)
)
\c@section@level=\count198
)
LaTeX Info: Redefining \ref on input line 57.
LaTeX Info: Redefining \pageref on input line 57.
LaTeX Info: Redefining \nameref on input line 57.

("Minimal Surface and Its Application to $3$-manifolds II.out")
("Minimal Surface and Its Application to $3$-manifolds II.out")
\@outlinefile=\write6
\openout6 = `"Minimal Surface and Its Application to $3$-manifolds II.out"'.

LaTeX Font Info:    Overwriting symbol font `operators' in version `normal'
(Font)                  OT1/cmr/m/n --> OT1/cmss/m/n on input line 57.
LaTeX Font Info:    Overwriting symbol font `operators' in version `bold'
(Font)                  OT1/cmr/bx/n --> OT1/cmss/bx/n on input line 57.
\symnumbers=\mathgroup7
\sympureletters=\mathgroup8
LaTeX Font Info:    Overwriting math alphabet `\mathrm' in version `normal'
(Font)                  OT1/cmss/m/n --> OT1/cmr/m/n on input line 57.
LaTeX Font Info:    Redeclaring math alphabet \mathbf on input line 57.
LaTeX Font Info:    Overwriting math alphabet `\mathbf' in version `normal'
(Font)                  OT1/cmr/bx/n --> OT1/cmss/bx/n on input line 57.
LaTeX Font Info:    Overwriting math alphabet `\mathbf' in version `bold'
(Font)                  OT1/cmr/bx/n --> OT1/cmss/bx/n on input line 57.
LaTeX Font Info:    Redeclaring math alphabet \mathsf on input line 57.
LaTeX Font Info:    Overwriting math alphabet `\mathsf' in version `normal'
(Font)                  OT1/cmss/m/n --> OT1/cmss/m/n on input line 57.
LaTeX Font Info:    Overwriting math alphabet `\mathsf' in version `bold'
(Font)                  OT1/cmss/bx/n --> OT1/cmss/m/n on input line 57.
LaTeX Font Info:    Redeclaring math alphabet \mathit on input line 57.
LaTeX Font Info:    Overwriting math alphabet `\mathit' in version `normal'
(Font)                  OT1/cmr/m/it --> OT1/cmss/m/it on input line 57.
LaTeX Font Info:    Overwriting math alphabet `\mathit' in version `bold'
(Font)                  OT1/cmr/bx/it --> OT1/cmss/m/it on input line 57.
LaTeX Font Info:    Redeclaring math alphabet \mathtt on input line 57.
LaTeX Font Info:    Overwriting math alphabet `\mathtt' in version `normal'
(Font)                  OT1/cmtt/m/n --> OT1/cmtt/m/n on input line 57.
LaTeX Font Info:    Overwriting math alphabet `\mathtt' in version `bold'
(Font)                  OT1/cmtt/m/n --> OT1/cmtt/m/n on input line 57.
LaTeX Font Info:    Overwriting symbol font `numbers' in version `bold'
(Font)                  OT1/cmss/m/n --> OT1/cmss/bx/n on input line 57.
LaTeX Font Info:    Overwriting symbol font `pureletters' in version `bold'
(Font)                  OT1/cmss/m/it --> OT1/cmss/bx/it on input line 57.
LaTeX Font Info:    Overwriting math alphabet `\mathrm' in version `bold'
(Font)                  OT1/cmss/bx/n --> OT1/cmr/bx/n on input line 57.
LaTeX Font Info:    Overwriting math alphabet `\mathbf' in version `bold'
(Font)                  OT1/cmss/bx/n --> OT1/cmss/bx/n on input line 57.
LaTeX Font Info:    Overwriting math alphabet `\mathsf' in version `bold'
(Font)                  OT1/cmss/m/n --> OT1/cmss/bx/n on input line 57.
LaTeX Font Info:    Overwriting math alphabet `\mathit' in version `bold'
(Font)                  OT1/cmss/m/it --> OT1/cmss/bx/it on input line 57.
LaTeX Font Info:    Overwriting math alphabet `\mathtt' in version `bold'
(Font)                  OT1/cmtt/m/n --> OT1/cmtt/bx/n on input line 57.
LaTeX Font Info:    Redeclaring symbol font `pureletters' on input line 57.
LaTeX Font Info:    Overwriting symbol font `pureletters' in version `normal'
(Font)                  OT1/cmss/m/it --> OT1/mathkerncmss/m/sl on input line 5
7.
LaTeX Font Info:    Overwriting symbol font `pureletters' in version `bold'
(Font)                  OT1/cmss/bx/it --> OT1/mathkerncmss/m/sl on input line 
57.
LaTeX Font Info:    Overwriting symbol font `pureletters' in version `bold'
(Font)                  OT1/mathkerncmss/m/sl --> OT1/mathkerncmss/bx/sl on inp
ut line 57.

(C:\Users\hansy\AppData\Roaming\MiKTeX\2.9\tex/latex/translator\translator-basi
c-dictionary-English.dict
Dictionary: translator-basic-dictionary, Language: English 
)
(C:\Users\hansy\AppData\Roaming\MiKTeX\2.9\tex/latex/translator\translator-bibl
iography-dictionary-English.dict
Dictionary: translator-bibliography-dictionary, Language: English 
)
(C:\Users\hansy\AppData\Roaming\MiKTeX\2.9\tex/latex/translator\translator-envi
ronment-dictionary-English.dict
Dictionary: translator-environment-dictionary, Language: English 
)
(C:\Users\hansy\AppData\Roaming\MiKTeX\2.9\tex/latex/translator\translator-mont
hs-dictionary-English.dict
Dictionary: translator-months-dictionary, Language: English 
)
(C:\Users\hansy\AppData\Roaming\MiKTeX\2.9\tex/latex/translator\translator-numb
ers-dictionary-English.dict
Dictionary: translator-numbers-dictionary, Language: English 
)
(C:\Users\hansy\AppData\Roaming\MiKTeX\2.9\tex/latex/translator\translator-theo
rem-dictionary-English.dict
Dictionary: translator-theorem-dictionary, Language: English 
)
Package caption Info: Begin \AtBeginDocument code.
Package caption Info: End \AtBeginDocument code.

("Minimal Surface and Its Application to $3$-manifolds II.nav")
LaTeX Font Info:    Try loading font information for U+msa on input line 61.

("D:\Program Files\MiKTeX 2.9\tex/latex/amsfonts\umsa.fd"
File: umsa.fd 2013/01/14 v3.01 AMS symbols A
)
LaTeX Font Info:    Try loading font information for U+msb on input line 61.

("D:\Program Files\MiKTeX 2.9\tex/latex/amsfonts\umsb.fd"
File: umsb.fd 2013/01/14 v3.01 AMS symbols B
)
LaTeX Font Info:    Try loading font information for U+rsfs on input line 61.

("D:\Program Files\MiKTeX 2.9\tex/latex/jknappen\ursfs.fd"
File: ursfs.fd 1998/03/24 rsfs font definition file (jk)
)
LaTeX Font Info:    Try loading font information for OT1+mathkerncmss on input 
line 61.

(C:\Users\hansy\AppData\Roaming\MiKTeX\2.9\tex/latex/sansmathaccent\ot1mathkern
cmss.fd
File: ot1mathkerncmss.fd 2020/01/31 Fontinst v1.933 font definitions for OT1/ma
thkerncmss.
) [1

{C:/Users/hansy/AppData/Local/MiKTeX/2.9/pdftex/config/pdftex.map}]
[2

] [3

] [4

]
<HyperbolicHelicoid.png, id=57, 222.8325pt x 226.34563pt>
File: HyperbolicHelicoid.png Graphic file (type png)
<use HyperbolicHelicoid.png>
Package pdftex.def Info: HyperbolicHelicoid.png  used on input line 112.
(pdftex.def)             Requested size: 111.41597pt x 113.17253pt.
 [5

 <./HyperbolicHelicoid.png>] [6

] [7

]
Excluding 'comment' comment. [8

] [9

] [10

] [11

]
<BarycentricRegularNbhd.png, id=108, 687.56876pt x 244.915pt>
File: BarycentricRegularNbhd.png Graphic file (type png)
<use BarycentricRegularNbhd.png>
Package pdftex.def Info: BarycentricRegularNbhd.png  used on input line 203.
(pdftex.def)             Requested size: 110.01324pt x 39.1872pt.
 [12

 <./BarycentricRegularNbhd.png (PNG copy)>] [13

] [14

] [15

] Excluding 'comment' comment. [16

] [17

] [18

]
[19

] [20

] Excluding 'comment' comment. [21

] Excluding 'comment' comment.
[22

] Excluding 'comment' comment. [23

] [24

] Excluding 'comment' comment.
[25

] [26

]
<Dunfield-Hirani.png, id=206, 420.06938pt x 356.33125pt>
File: Dunfield-Hirani.png Graphic file (type png)
<use Dunfield-Hirani.png>
Package pdftex.def Info: Dunfield-Hirani.png  used on input line 438.
(pdftex.def)             Requested size: 273.83728pt x 232.28676pt.

Overfull \vbox (12.49722pt too high) detected at line 438
 []

[27

 <./Dunfield-Hirani.png>] [28

] Excluding 'comment' comment. [29

] [30

]
Excluding 'comment' comment. [31

]
<L14n21792.png, id=239, 508.299pt x 298.11375pt>
File: L14n21792.png Graphic file (type png)
<use L14n21792.png>
Package pdftex.def Info: L14n21792.png  used on input line 536.
(pdftex.def)             Requested size: 101.65799pt x 59.62169pt.
 [32

 <./L14n21792.png>] [33

] [34

] [35

]
\tf@nav=\write7
\openout7 = `"Minimal Surface and Its Application to $3$-manifolds II.nav"'.

\tf@toc=\write8
\openout8 = `"Minimal Surface and Its Application to $3$-manifolds II.toc"'.

\tf@snm=\write9
\openout9 = `"Minimal Surface and Its Application to $3$-manifolds II.snm"'.

Package atveryend Info: Empty hook `BeforeClearDocument' on input line 571.
Package atveryend Info: Empty hook `AfterLastShipout' on input line 571.

("Minimal Surface and Its Application to $3$-manifolds II.aux")
Package atveryend Info: Executing hook `AtVeryEndDocument' on input line 571.
Package atveryend Info: Executing hook `AtEndAfterFileList' on input line 571.
Package rerunfilecheck Info: File `"Minimal Surface and Its Application to $3$-
manifolds II".out' has not changed.
(rerunfilecheck)             Checksum: D41D8CD98F00B204E9800998ECF8427E;0.
 ) 
Here is how much of TeX's memory you used:
 21450 strings out of 492946
 408035 string characters out of 3135627
 505606 words of memory out of 3000000
 24721 multiletter control sequences out of 15000+200000
 19402 words of font info for 73 fonts, out of 3000000 for 9000
 1141 hyphenation exceptions out of 8191
 56i,15n,79p,2855b,950s stack positions out of 5000i,500n,10000p,200000b,50000s
<D:/Program Files/MiKTeX 2.9/fonts/type1/public/amsfonts/cm/cmex10.pfb><D:/Pr
ogram Files/MiKTeX 2.9/fonts/type1/public/amsfonts/cm/cmmi10.pfb><D:/Program Fi
les/MiKTeX 2.9/fonts/type1/public/amsfonts/cm/cmmi8.pfb><D:/Program Files/MiKTe
X 2.9/fonts/type1/public/amsfonts/cm/cmr8.pfb><D:/Program Files/MiKTeX 2.9/font
s/type1/public/amsfonts/cm/cmss10.pfb><D:/Program Files/MiKTeX 2.9/fonts/type1/
public/amsfonts/cm/cmss12.pfb><D:/Program Files/MiKTeX 2.9/fonts/type1/public/a
msfonts/cm/cmss17.pfb><D:/Program Files/MiKTeX 2.9/fonts/type1/public/amsfonts/
cm/cmss8.pfb><D:/Program Files/MiKTeX 2.9/fonts/type1/public/amsfonts/cm/cmssbx
10.pfb><D:/Program Files/MiKTeX 2.9/fonts/type1/public/amsfonts/cm/cmssi10.pfb>
<D:/Program Files/MiKTeX 2.9/fonts/type1/public/amsfonts/cm/cmssi12.pfb><D:/Pro
gram Files/MiKTeX 2.9/fonts/type1/public/amsfonts/cm/cmssi8.pfb><D:/Program Fil
es/MiKTeX 2.9/fonts/type1/public/amsfonts/cm/cmsy10.pfb><D:/Program Files/MiKTe
X 2.9/fonts/type1/public/amsfonts/cm/cmsy6.pfb><D:/Program Files/MiKTeX 2.9/fon
ts/type1/public/amsfonts/cm/cmsy8.pfb><D:/Program Files/MiKTeX 2.9/fonts/type1/
public/amsfonts/symbols/msbm10.pfb>
Output written on "Minimal Surface and Its Application to $3$-manifolds II.pdf"
 (35 pages, 602222 bytes).
PDF statistics:
 331 PDF objects out of 1000 (max. 8388607)
 71 named destinations out of 1000 (max. 500000)
 99 words of extra memory for PDF output out of 10000 (max. 10000000)

